#
# A fatal error has been detected by the Java Runtime Environment:
#
#  EXCEPTION_ACCESS_VIOLATION (0xc0000005) at pc=0x62e78536, pid=8188, tid=7164
#
# JRE version: Java(TM) SE Runtime Environment (8.0_73-b02) (build 1.8.0_73-b02)
# Java VM: Java HotSpot(TM) Client VM (25.73-b02 mixed mode windows-x86 )
# Problematic frame:
# C  0x62e78536
#
# Failed to write core dump. Minidumps are not enabled by default on client versions of Windows
#
# If you would like to submit a bug report, please visit:
#   http://bugreport.java.com/bugreport/crash.jsp
# The crash happened outside the Java Virtual Machine in native code.
# See problematic frame for where to report the bug.
#

---------------  T H R E A D  ---------------

Current thread (0x00ddf000):  JavaThread "AWT-Windows" daemon [_thread_in_native, id=7164, stack(0x14810000,0x14860000)]

siginfo: ExceptionCode=0xc0000005, ExceptionInformation=0x00000008 0x62e78536

Registers:
EAX=0x00000001, EBX=0x00000002, ECX=0x77e47d0c, EDX=0x00050000
ESP=0x1485e788, EBP=0x1485e7a8, ESI=0x62eaab50, EDI=0x62eaab50
EIP=0x62e78536, EFLAGS=0x00010202

Top of Stack: (sp=0x1485e788)
0x1485e788:   000004c0 62e7864b 000107e0 00000000
0x1485e798:   00000000 1485e82c 00000000 00000000
0x1485e7a8:   1485e82c 62e7c782 00000000 00000001
0x1485e7b8:   00000002 0101ab88 00000000 74050000
0x1485e7c8:   00000000 5688a87d 003e003c 1485e95c
0x1485e7d8:   000107da 1485e910 7651045d 1485e95c
0x1485e7e8:   765104d4 00000000 0000003b 00000000
0x1485e7f8:   00000000 74050000 00000000 00000000 

Instructions: (pc=0x62e78536)
0x62e78516:   
[error occurred during error reporting (printing registers, top of stack, instructions near pc), id 0xc0000005]

Register to memory mapping:

EAX=0x00000001 is an unknown value
EBX=0x00000002 is an unknown value
ECX=0x77e47d0c is an unknown value
EDX=0x00050000 is an unknown value
ESP=0x1485e788 is pointing into the stack for thread: 0x00ddf000
EBP=0x1485e7a8 is pointing into the stack for thread: 0x00ddf000
ESI=0x62eaab50 is an unknown value
EDI=0x62eaab50 is an unknown value


Stack: [0x14810000,0x14860000],  sp=0x1485e788,  free space=313k
Native frames: (J=compiled Java code, j=interpreted, Vv=VM code, C=native code)
C  0x62e78536
C  0x62e7c782
C  0x62e710f4
C  [USER32.dll+0x75e3]
C  [USER32.dll+0x7c6c]
C  [USER32.dll+0x9f25]
C  [USER32.dll+0xa074]
C  [ntdll.dll+0x6f73e]
C  [USER32.dll+0x75e3]
C  [USER32.dll+0x7c6c]
C  [USER32.dll+0x1a787]
C  [USER32.dll+0xbf92]
C  [awt.dll+0xa4060]
C  [awt.dll+0xadf70]
C  [awt.dll+0x8a79e]
C  [USER32.dll+0x75e3]
C  [USER32.dll+0x7c6c]
C  [USER32.dll+0x792b]
C  [USER32.dll+0x7991]
C  [awt.dll+0xa66fe]

Java frames: (J=compiled Java code, j=interpreted, Vv=VM code)
j  sun.awt.windows.WToolkit.eventLoop()V+0
j  sun.awt.windows.WToolkit.run()V+58
j  java.lang.Thread.run()V+11
v  ~StubRoutines::call_stub

---------------  P R O C E S S  ---------------

Java Threads: ( => current thread )
  0x00e69800 JavaThread "Thread-0" daemon [_thread_in_native, id=5796, stack(0x14a10000,0x14a60000)]
  0x14f1ac00 JavaThread "SIGTERM handler" daemon [_thread_blocked, id=7096, stack(0x149c0000,0x14a10000)]
  0x14f3dc00 JavaThread "TimerQueue" daemon [_thread_blocked, id=4460, stack(0x15a40000,0x15a90000)]
  0x00b2b800 JavaThread "DestroyJavaVM" [_thread_blocked, id=5872, stack(0x007f0000,0x00840000)]
  0x00e27c00 JavaThread "AWT-EventQueue-0" [_thread_blocked, id=7544, stack(0x148a0000,0x148f0000)]
=>0x00ddf000 JavaThread "AWT-Windows" daemon [_thread_in_native, id=7164, stack(0x14810000,0x14860000)]
  0x00dde400 JavaThread "AWT-Shutdown" [_thread_blocked, id=7756, stack(0x147c0000,0x14810000)]
  0x00ddd800 JavaThread "Java2D Disposer" daemon [_thread_blocked, id=6496, stack(0x14770000,0x147c0000)]
  0x00ce6800 JavaThread "Service Thread" daemon [_thread_blocked, id=8064, stack(0x141e0000,0x14230000)]
  0x00cc3000 JavaThread "C1 CompilerThread0" daemon [_thread_blocked, id=6816, stack(0x14190000,0x141e0000)]
  0x00cc2000 JavaThread "Attach Listener" daemon [_thread_blocked, id=2748, stack(0x14140000,0x14190000)]
  0x00ccc400 JavaThread "Signal Dispatcher" daemon [_thread_blocked, id=8052, stack(0x03bb0000,0x03c00000)]
  0x00ca6400 JavaThread "Finalizer" daemon [_thread_blocked, id=8048, stack(0x00ef0000,0x00f40000)]
  0x00a9e400 JavaThread "Reference Handler" daemon [_thread_blocked, id=5716, stack(0x00ea0000,0x00ef0000)]

Other Threads:
  0x00a9b800 VMThread [stack: 0x00c50000,0x00ca0000] [id=7992]
  0x00cf1c00 WatcherThread [stack: 0x14230000,0x14280000] [id=5060]

VM state:not at safepoint (normal execution)

VM Mutex/Monitor currently owned by a thread: None

Heap:
 def new generation   total 4928K, used 1734K [0x03c00000, 0x04150000, 0x09150000)
  eden space 4416K,  27% used [0x03c00000, 0x03d318a8, 0x04050000)
  from space 512K, 100% used [0x040d0000, 0x04150000, 0x04150000)
  to   space 512K,   0% used [0x04050000, 0x04050000, 0x040d0000)
 tenured generation   total 10944K, used 1634K [0x09150000, 0x09c00000, 0x13c00000)
   the space 10944K,  14% used [0x09150000, 0x092e8b68, 0x092e8c00, 0x09c00000)
 Metaspace       used 6546K, capacity 6737K, committed 6784K, reserved 7552K

Card table byte_map: [0x00b60000,0x00bf0000] byte_map_base: 0x00b42000

Polling page: 0x00970000

CodeCache: size=32768Kb used=930Kb max_used=930Kb free=31837Kb
 bounds [0x01bb0000, 0x01ca0000, 0x03bb0000]
 total_blobs=469 nmethods=250 adapters=150
 compilation: enabled

Compilation events (10 events):
Event: 13.038 Thread 0x00cc3000  246   !         java.lang.ref.ReferenceQueue::poll (28 bytes)
Event: 13.038 Thread 0x00cc3000 nmethod 246 0x01c98088 code [0x01c98190, 0x01c983bc]
Event: 14.019 Thread 0x00cc3000  247             java.awt.Component::getWidth (5 bytes)
Event: 14.019 Thread 0x00cc3000 nmethod 247 0x01c98488 code [0x01c98580, 0x01c98600]
Event: 14.346 Thread 0x00cc3000  248             java.util.IdentityHashMap::maskNull (12 bytes)
Event: 14.346 Thread 0x00cc3000 nmethod 248 0x01c98648 code [0x01c98740, 0x01c987c0]
Event: 14.346 Thread 0x00cc3000  249             java.util.IdentityHashMap::hash (18 bytes)
Event: 14.346 Thread 0x00cc3000 nmethod 249 0x01c98808 code [0x01c98900, 0x01c9899c]
Event: 14.346 Thread 0x00cc3000  250             java.awt.Component::getHeight (5 bytes)
Event: 14.346 Thread 0x00cc3000 nmethod 250 0x01c98a08 code [0x01c98b00, 0x01c98b80]

GC Heap History (2 events):
Event: 0.794 GC heap before
{Heap before GC invocations=0 (full 0):
 def new generation   total 4928K, used 4416K [0x03c00000, 0x04150000, 0x09150000)
  eden space 4416K, 100% used [0x03c00000, 0x04050000, 0x04050000)
  from space 512K,   0% used [0x04050000, 0x04050000, 0x040d0000)
  to   space 512K,   0% used [0x040d0000, 0x040d0000, 0x04150000)
 tenured generation   total 10944K, used 0K [0x09150000, 0x09c00000, 0x13c00000)
   the space 10944K,   0% used [0x09150000, 0x09150000, 0x09150200, 0x09c00000)
 Metaspace       used 6378K, capacity 6577K, committed 6656K, reserved 7552K
Event: 0.802 GC heap after
Heap after GC invocations=1 (full 0):
 def new generation   total 4928K, used 512K [0x03c00000, 0x04150000, 0x09150000)
  eden space 4416K,   0% used [0x03c00000, 0x03c00000, 0x04050000)
  from space 512K, 100% used [0x040d0000, 0x04150000, 0x04150000)
  to   space 512K,   0% used [0x04050000, 0x04050000, 0x040d0000)
 tenured generation   total 10944K, used 1634K [0x09150000, 0x09c00000, 0x13c00000)
   the space 10944K,  14% used [0x09150000, 0x092e8b68, 0x092e8c00, 0x09c00000)
 Metaspace       used 6378K, capacity 6577K, committed 6656K, reserved 7552K
}

Deoptimization events (0 events):
No events

Internal exceptions (10 events):
Event: 0.097 Thread 0x00b2b800 Exception <a 'java/lang/NoSuchMethodError': Method sun.misc.Unsafe.defineClass(Ljava/lang/String;[BII)Ljava/lang/Class; name or signature does not match> (0x03c0b3f0) thrown at [D:\re\workspace\8-2-build-windows-i586-cygwin\jdk8u73\6086\hotspot\src\share\vÏHÀ1;è¸?
Event: 0.097 Thread 0x00b2b800 Exception <a 'java/lang/NoSuchMethodError': Method sun.misc.Unsafe.prefetchRead(Ljava/lang/Object;J)V name or signature does not match> (0x03c0b6c0) thrown at [D:\re\workspace\8-2-build-windows-i586-cygwin\jdk8u73\6086\hotspot\src\share\vm\prims\jni.cpp, lwš
Event: 0.214 Thread 0x00b2b800 Exception <a 'java/security/PrivilegedActionException'> (0x03ca3898) thrown at [D:\re\workspace\8-2-build-windows-i586-cygwin\jdk8u73\6086\hotspot\src\share\vm\prims\jvm.cpp, line 1386]
Event: 0.214 Thread 0x00b2b800 Exception <a 'java/security/PrivilegedActionException'> (0x03ca3a98) thrown at [D:\re\workspace\8-2-build-windows-i586-cygwin\jdk8u73\6086\hotspot\src\share\vm\prims\jvm.cpp, line 1386]
Event: 0.216 Thread 0x00b2b800 Exception <a 'java/security/PrivilegedActionException'> (0x03ca71e0) thrown at [D:\re\workspace\8-2-build-windows-i586-cygwin\jdk8u73\6086\hotspot\src\share\vm\prims\jvm.cpp, line 1386]
Event: 0.216 Thread 0x00b2b800 Exception <a 'java/security/PrivilegedActionException'> (0x03ca73e0) thrown at [D:\re\workspace\8-2-build-windows-i586-cygwin\jdk8u73\6086\hotspot\src\share\vm\prims\jvm.cpp, line 1386]
Event: 0.223 Thread 0x00b2b800 Exception <a 'java/io/FileNotFoundException'> (0x03ca94e8) thrown at [D:\re\workspace\8-2-build-windows-i586-cygwin\jdk8u73\6086\hotspot\src\share\vm\prims\jni.cpp, line 709]
Event: 0.317 Thread 0x00b2b800 Exception <a 'java/lang/NoSuchFieldError': method resolution failed> (0x03d65118) thrown at [D:\re\workspace\8-2-build-windows-i586-cygwin\jdk8u73\6086\hotspot\src\share\vm\prims\methodHandles.cpp, line 1146]
Event: 0.325 Thread 0x00b2b800 Exception <a 'java/lang/NoSuchFieldError': method resolution failed> (0x03d712b8) thrown at [D:\re\workspace\8-2-build-windows-i586-cygwin\jdk8u73\6086\hotspot\src\share\vm\prims\methodHandles.cpp, line 1146]
Event: 0.415 Thread 0x00b2b800 Exception <a 'java/io/FileNotFoundException'> (0x03df8778) thrown at [D:\re\workspace\8-2-build-windows-i586-cygwin\jdk8u73\6086\hotspot\src\share\vm\prims\jni.cpp, line 709]

Events (10 events):
Event: 11.262 loading class javax/swing/plaf/basic/BasicPopupMenuUI$MouseGrabber$2
Event: 11.262 loading class javax/swing/plaf/basic/BasicPopupMenuUI$MouseGrabber$2 done
Event: 12.746 loading class java/awt/event/ItemEvent
Event: 12.746 loading class java/awt/event/ItemEvent done
Event: 222.992 loading class sun/misc/Signal$1
Event: 223.346 loading class sun/misc/Signal$1 done
Event: 223.346 Thread 0x14f1ac00 Thread added: 0x14f1ac00
Event: 223.348 Thread 0x00e69800 Thread added: 0x00e69800
Event: 223.348 Thread 0x00e69c00 Thread added: 0x00e69c00
Event: 223.349 Thread 0x00e69c00 Thread exited: 0x00e69c00


Dynamic libraries:
0x00f70000 - 0x00fa3000 	C:\Program Files\Java\jre1.8.0_73\bin\javaw.exe
0x77e10000 - 0x77f74000 	C:\Windows\SYSTEM32\ntdll.dll
0x76400000 - 0x764f8000 	C:\Windows\system32\KERNEL32.DLL
0x75af0000 - 0x75bc1000 	C:\Windows\system32\KERNELBASE.dll
0x747c0000 - 0x7485a000 	C:\Windows\system32\apphelp.dll
0x783e0000 - 0x78633000 	C:\Windows\AppPatch\AcGenral.DLL
0x76020000 - 0x760de000 	C:\Windows\system32\msvcrt.dll
0x76880000 - 0x768be000 	C:\Windows\SYSTEM32\sechost.dll
0x75740000 - 0x75762000 	C:\Windows\SYSTEM32\SspiCli.dll
0x76bc0000 - 0x76c01000 	C:\Windows\system32\SHLWAPI.dll
0x74900000 - 0x749e2000 	C:\Windows\SYSTEM32\UxTheme.dll
0x76500000 - 0x7664b000 	C:\Windows\system32\USER32.dll
0x76140000 - 0x76249000 	C:\Windows\system32\GDI32.dll
0x67f50000 - 0x67f70000 	C:\Windows\SYSTEM32\WINMM.dll
0x72f60000 - 0x72f72000 	C:\Windows\SYSTEM32\samcli.dll
0x766e0000 - 0x767eb000 	C:\Windows\system32\ole32.dll
0x76250000 - 0x762d7000 	C:\Windows\system32\OLEAUT32.dll
0x5dcc0000 - 0x5dcd5000 	C:\Windows\SYSTEM32\MSACM32.dll
0x73020000 - 0x73028000 	C:\Windows\SYSTEM32\VERSION.dll
0x76c60000 - 0x77e03000 	C:\Windows\system32\SHELL32.dll
0x750b0000 - 0x750c9000 	C:\Windows\SYSTEM32\USERENV.dll
0x74050000 - 0x74069000 	C:\Windows\SYSTEM32\dwmapi.dll
0x73f10000 - 0x74031000 	C:\Windows\SYSTEM32\urlmon.dll
0x767f0000 - 0x76867000 	C:\Windows\system32\ADVAPI32.dll
0x6fb80000 - 0x6fbde000 	C:\Windows\SYSTEM32\WINSPOOL.DRV
0x6fce0000 - 0x6fcf4000 	C:\Windows\SYSTEM32\MPR.dll
0x75f50000 - 0x76014000 	C:\Windows\system32\RPCRT4.dll
0x75c60000 - 0x75dae000 	C:\Windows\SYSTEM32\combase.dll
0x67f30000 - 0x67f50000 	C:\Windows\SYSTEM32\WINMMBASE.dll
0x75870000 - 0x7587e000 	C:\Windows\SYSTEM32\profapi.dll
0x73030000 - 0x73245000 	C:\Windows\SYSTEM32\iertutil.dll
0x73350000 - 0x73514000 	C:\Windows\SYSTEM32\WININET.dll
0x75ab0000 - 0x75aea000 	C:\Windows\SYSTEM32\cfgmgr32.dll
0x749f0000 - 0x74a0f000 	C:\Windows\SYSTEM32\DEVOBJ.dll
0x75dc0000 - 0x75e37000 	C:\Windows\system32\SHCORE.DLL
0x76380000 - 0x763a5000 	C:\Windows\system32\IMM32.DLL
0x75e50000 - 0x75f47000 	C:\Windows\system32\MSCTF.dll
0x73d20000 - 0x73f05000 	C:\Windows\WinSxS\x86_microsoft.windows.common-controls_6595b64144ccf1df_6.0.9600.16384_none_a9f4965301334e09\COMCTL32.dll
0x50040000 - 0x500ff000 	C:\Program Files\Java\jre1.8.0_73\bin\msvcr100.dll
0x6c4b0000 - 0x6c878000 	C:\Program Files\Java\jre1.8.0_73\bin\client\jvm.dll
0x65ef0000 - 0x65ef8000 	C:\Windows\SYSTEM32\WSOCK32.dll
0x75e40000 - 0x75e46000 	C:\Windows\system32\PSAPI.DLL
0x763b0000 - 0x763fd000 	C:\Windows\system32\WS2_32.dll
0x75db0000 - 0x75db7000 	C:\Windows\system32\NSI.dll
0x69020000 - 0x6902c000 	C:\Program Files\Java\jre1.8.0_73\bin\verify.dll
0x5e2f0000 - 0x5e311000 	C:\Program Files\Java\jre1.8.0_73\bin\java.dll
0x5a4e0000 - 0x5a4f3000 	C:\Program Files\Java\jre1.8.0_73\bin\zip.dll
0x6ccd0000 - 0x6ce15000 	C:\Program Files\Java\jre1.8.0_73\bin\awt.dll
0x00f50000 - 0x00f62000 	C:\Program Files\RocketDock\RocketDock.dll
0x74a40000 - 0x74a49000 	C:\Windows\SYSTEM32\kernel.appcore.dll
0x757d0000 - 0x757d9000 	C:\Windows\SYSTEM32\CRYPTBASE.dll
0x75770000 - 0x757c1000 	C:\Windows\SYSTEM32\bcryptPrimitives.dll
0x50720000 - 0x50759000 	C:\Program Files\Java\jre1.8.0_73\bin\fontmanager.dll
0x5e400000 - 0x5e416000 	C:\Program Files\Java\jre1.8.0_73\bin\net.dll
0x752d0000 - 0x75315000 	C:\Windows\system32\mswsock.dll
0x683f0000 - 0x683ff000 	C:\Program Files\Java\jre1.8.0_73\bin\nio.dll
0x506f0000 - 0x50720000 	C:\Program Files\Java\jre1.8.0_73\bin\t2k.dll
0x76300000 - 0x7637d000 	C:\Windows\SYSTEM32\clbcatq.dll
0x74070000 - 0x741bd000 	C:\Windows\SYSTEM32\WindowsCodecs.dll
0x75320000 - 0x75338000 	C:\Windows\SYSTEM32\CRYPTSP.dll
0x74f70000 - 0x74f9f000 	C:\Windows\system32\rsaenh.dll
0x754f0000 - 0x7550f000 	C:\Windows\SYSTEM32\bcrypt.dll
0x69800000 - 0x69948000 	C:\Windows\SYSTEM32\dbghelp.dll

VM Arguments:
jvm_args: -Dfile.encoding=Cp1252 
java_command: Swing_Important
java_class_path (initial): D:\JAVA class\Java-Class\SSwing\bin
Launcher Type: SUN_STANDARD

Environment Variables:
PATH=C:/Program Files/Java/jre1.8.0_73/bin/client;C:/Program Files/Java/jre1.8.0_73/bin;C:/Program Files/Java/jre1.8.0_73/lib/i386;C:\ProgramData\Oracle\Java\javapath;C:\Windows\system32;C:\Windows;C:\Windows\System32\Wbem;C:\Windows\System32\WindowsPowerShell\v1.0\;C:\Program Files\7-Zip;C:\Program Files\Java\jdk1.8.0_73\bin;E:\eclipse;
USERNAME=Karan
OS=Windows_NT
PROCESSOR_IDENTIFIER=x86 Family 6 Model 37 Stepping 5, GenuineIntel



---------------  S Y S T E M  ---------------

OS: Windows 8.1 Build 9600 (6.3.9600.16656)

CPU:total 2 (2 cores per cpu, 1 threads per core) family 6 model 37 stepping 5, cmov, cx8, fxsr, mmx, sse, sse2, sse3, ssse3, popcnt, tsc, tscinvbit

Memory: 4k page, physical 2874172k(794780k free), swap 5757756k(2933692k free)

vm_info: Java HotSpot(TM) Client VM (25.73-b02) for windows-x86 JRE (1.8.0_73-b02), built on Jan 29 2016 17:05:52 by "java_re" with MS VC++ 10.0 (VS2010)

time: Thu Apr 14 13:23:05 2016
elapsed time: 225 seconds (0d 0h 3m 45s)

